2025-11-19 14:23:12,600 [trainer.py] => config: ./exps/engine/cars_0_10.json
2025-11-19 14:23:12,600 [trainer.py] => prefix: -
2025-11-19 14:23:12,600 [trainer.py] => dataset: cars
2025-11-19 14:23:12,601 [trainer.py] => shuffle: True
2025-11-19 14:23:12,601 [trainer.py] => init_cls: 10
2025-11-19 14:23:12,601 [trainer.py] => increment: 10
2025-11-19 14:23:12,601 [trainer.py] => model_name: engine
2025-11-19 14:23:12,601 [trainer.py] => convnet_type: clip
2025-11-19 14:23:12,601 [trainer.py] => device: [device(type='cuda', index=0)]
2025-11-19 14:23:12,601 [trainer.py] => seed: 1993
2025-11-19 14:23:12,601 [trainer.py] => projection_type: pure_mlp
2025-11-19 14:23:12,601 [trainer.py] => frozen_layers: visual
2025-11-19 14:23:12,601 [trainer.py] => tuned_epoch: 10
2025-11-19 14:23:12,601 [trainer.py] => init_lr: 0.05
2025-11-19 14:23:12,601 [trainer.py] => batch_size: 64
2025-11-19 14:23:12,601 [trainer.py] => weight_decay: 0.05
2025-11-19 14:23:12,601 [trainer.py] => min_lr: 0
2025-11-19 14:23:12,601 [trainer.py] => optimizer: sgd
2025-11-19 14:23:12,601 [trainer.py] => text_des: 2
2025-11-19 14:23:12,601 [trainer.py] => image_aug: 2
2025-11-19 14:23:12,601 [trainer.py] => rerank: 0.8
2025-11-19 14:23:12,601 [trainer.py] => stat: 0.8
2025-11-19 14:23:12,601 [trainer.py] => sample_num: 0
2025-11-19 14:23:12,601 [trainer.py] => sample_noise: 0.25
2025-11-19 14:23:12,601 [trainer.py] => rerank_top: 5
2025-11-19 14:23:12,699 [data_manager.py] => [68, 56, 78, 8, 23, 84, 90, 65, 74, 76, 40, 89, 3, 92, 55, 9, 26, 80, 43, 38, 58, 70, 77, 1, 85, 19, 17, 50, 28, 53, 13, 81, 45, 82, 6, 59, 83, 16, 15, 44, 91, 41, 72, 60, 79, 52, 20, 10, 31, 54, 37, 95, 14, 71, 96, 98, 97, 2, 64, 66, 42, 22, 35, 86, 24, 34, 87, 21, 99, 0, 88, 27, 18, 94, 11, 12, 47, 25, 30, 46, 62, 69, 36, 61, 7, 63, 75, 5, 32, 4, 51, 48, 73, 93, 39, 67, 29, 49, 57, 33]
2025-11-19 14:23:13,890 [factory.py] => Loaded ViT-B-16 model config.
2025-11-19 14:23:15,538 [factory.py] => Loading pretrained ViT-B-16 weights (/data/zhoudw/likw/open_clip_laion400m_e32.bin).
2025-11-19 14:23:16,125 [factory.py] => Loaded ViT-B-16 model config.
2025-11-19 14:23:17,695 [factory.py] => Loading pretrained ViT-B-16 weights (/data/zhoudw/likw/open_clip_laion400m_e32.bin).
2025-11-19 14:23:18,388 [trainer.py] => All params: 149620737
2025-11-19 14:23:18,389 [trainer.py] => Trainable params: 0
2025-11-19 14:23:18,389 [engine.py] => Learning on 0-10
2025-11-19 14:25:08,377 [trainer.py] => CNN: {'total': 99.06, '00-09': 99.06, 'old': 0, 'new': 99.06, 'harmonic': 0.0}
2025-11-19 14:25:08,377 [trainer.py] => CNN top1 curve: [99.06]
2025-11-19 14:25:08,377 [trainer.py] => CNN top5 curve: [100.0]

2025-11-19 14:25:08,377 [trainer.py] => Average Accuracy (CNN): 99.06
2025-11-19 14:25:08,379 [trainer.py] => All params: 150146049
2025-11-19 14:25:08,379 [trainer.py] => Trainable params: 525312
2025-11-19 14:25:08,379 [engine.py] => Learning on 10-20
2025-11-19 14:27:39,804 [trainer.py] => CNN: {'total': 98.79, '00-09': 98.35, '10-19': 99.25, 'old': 98.35, 'new': 99.25, 'harmonic': 98.8}
2025-11-19 14:27:39,805 [trainer.py] => CNN top1 curve: [99.06, 98.79]
2025-11-19 14:27:39,805 [trainer.py] => CNN top5 curve: [100.0, 100.0]

2025-11-19 14:27:39,805 [trainer.py] => Average Accuracy (CNN): 98.92500000000001
2025-11-19 14:27:39,806 [trainer.py] => All params: 150671361
2025-11-19 14:27:39,807 [trainer.py] => Trainable params: 525312
2025-11-19 14:27:39,807 [engine.py] => Learning on 20-30
2025-11-19 14:30:55,083 [trainer.py] => CNN: {'total': 98.15, '00-09': 97.64, '10-19': 99.25, '20-29': 97.62, 'old': 98.42, 'new': 97.62, 'harmonic': 98.02}
2025-11-19 14:30:55,083 [trainer.py] => CNN top1 curve: [99.06, 98.79, 98.15]
2025-11-19 14:30:55,083 [trainer.py] => CNN top5 curve: [100.0, 100.0, 100.0]

2025-11-19 14:30:55,083 [trainer.py] => Average Accuracy (CNN): 98.66666666666667
2025-11-19 14:30:55,084 [trainer.py] => All params: 151196673
2025-11-19 14:30:55,085 [trainer.py] => Trainable params: 525312
2025-11-19 14:30:55,085 [engine.py] => Learning on 30-40
2025-11-19 14:34:49,676 [trainer.py] => CNN: {'total': 94.93, '00-09': 97.17, '10-19': 98.75, '20-29': 94.05, '30-39': 89.54, 'old': 96.62, 'new': 89.54, 'harmonic': 92.95}
2025-11-19 14:34:49,677 [trainer.py] => CNN top1 curve: [99.06, 98.79, 98.15, 94.93]
2025-11-19 14:34:49,677 [trainer.py] => CNN top5 curve: [100.0, 100.0, 100.0, 99.94]

2025-11-19 14:34:49,677 [trainer.py] => Average Accuracy (CNN): 97.7325
2025-11-19 14:34:49,678 [trainer.py] => All params: 151721985
2025-11-19 14:34:49,679 [trainer.py] => Trainable params: 525312
2025-11-19 14:34:49,679 [engine.py] => Learning on 40-50
2025-11-19 14:39:28,656 [trainer.py] => CNN: {'total': 92.84, '00-09': 95.99, '10-19': 96.0, '20-29': 93.1, '30-39': 87.76, '40-49': 91.04, 'old': 93.28, 'new': 91.04, 'harmonic': 92.15}
2025-11-19 14:39:28,657 [trainer.py] => CNN top1 curve: [99.06, 98.79, 98.15, 94.93, 92.84]
2025-11-19 14:39:28,657 [trainer.py] => CNN top5 curve: [100.0, 100.0, 100.0, 99.94, 99.9]

2025-11-19 14:39:28,657 [trainer.py] => Average Accuracy (CNN): 96.75399999999999
2025-11-19 14:39:28,658 [trainer.py] => All params: 152247297
2025-11-19 14:39:28,659 [trainer.py] => Trainable params: 525312
2025-11-19 14:39:28,659 [engine.py] => Learning on 50-60
2025-11-19 14:44:51,473 [trainer.py] => CNN: {'total': 93.15, '00-09': 95.28, '10-19': 95.25, '20-29': 92.38, '30-39': 87.5, '40-49': 90.55, '50-59': 97.58, 'old': 92.25, 'new': 97.58, 'harmonic': 94.84}
2025-11-19 14:44:51,473 [trainer.py] => CNN top1 curve: [99.06, 98.79, 98.15, 94.93, 92.84, 93.15]
2025-11-19 14:44:51,473 [trainer.py] => CNN top5 curve: [100.0, 100.0, 100.0, 99.94, 99.9, 99.84]

2025-11-19 14:44:51,473 [trainer.py] => Average Accuracy (CNN): 96.15333333333332
2025-11-19 14:44:51,475 [trainer.py] => All params: 152772609
2025-11-19 14:44:51,476 [trainer.py] => Trainable params: 525312
2025-11-19 14:44:51,476 [engine.py] => Learning on 60-70
2025-11-19 14:50:56,149 [trainer.py] => CNN: {'total': 92.17, '00-09': 94.81, '10-19': 95.75, '20-29': 92.38, '30-39': 87.5, '40-49': 90.8, '50-59': 96.37, '60-69': 87.29, 'old': 92.98, 'new': 87.29, 'harmonic': 90.05}
2025-11-19 14:50:56,149 [trainer.py] => CNN top1 curve: [99.06, 98.79, 98.15, 94.93, 92.84, 93.15, 92.17]
2025-11-19 14:50:56,149 [trainer.py] => CNN top5 curve: [100.0, 100.0, 100.0, 99.94, 99.9, 99.84, 99.79]

2025-11-19 14:50:56,149 [trainer.py] => Average Accuracy (CNN): 95.5842857142857
2025-11-19 14:50:56,151 [trainer.py] => All params: 153297921
2025-11-19 14:50:56,151 [trainer.py] => Trainable params: 525312
2025-11-19 14:50:56,152 [engine.py] => Learning on 70-80
2025-11-19 14:57:52,050 [trainer.py] => CNN: {'total': 91.19, '00-09': 94.34, '10-19': 94.5, '20-29': 92.86, '30-39': 86.22, '40-49': 90.05, '50-59': 95.88, '60-69': 83.13, '70-79': 92.23, 'old': 91.05, 'new': 92.23, 'harmonic': 91.64}
2025-11-19 14:57:52,051 [trainer.py] => CNN top1 curve: [99.06, 98.79, 98.15, 94.93, 92.84, 93.15, 92.17, 91.19]
2025-11-19 14:57:52,052 [trainer.py] => CNN top5 curve: [100.0, 100.0, 100.0, 99.94, 99.9, 99.84, 99.79, 99.79]

2025-11-19 14:57:52,052 [trainer.py] => Average Accuracy (CNN): 95.035
2025-11-19 14:57:52,053 [trainer.py] => All params: 153823233
2025-11-19 14:57:52,055 [trainer.py] => Trainable params: 525312
2025-11-19 14:57:52,055 [engine.py] => Learning on 80-90
2025-11-19 15:05:50,544 [trainer.py] => CNN: {'total': 91.03, '00-09': 92.45, '10-19': 93.75, '20-29': 91.19, '30-39': 86.22, '40-49': 90.3, '50-59': 95.16, '60-69': 83.37, '70-79': 92.48, '80-89': 94.03, 'old': 90.64, 'new': 94.03, 'harmonic': 92.3}
2025-11-19 15:05:50,545 [trainer.py] => CNN top1 curve: [99.06, 98.79, 98.15, 94.93, 92.84, 93.15, 92.17, 91.19, 91.03]
2025-11-19 15:05:50,546 [trainer.py] => CNN top5 curve: [100.0, 100.0, 100.0, 99.94, 99.9, 99.84, 99.79, 99.79, 99.67]

2025-11-19 15:05:50,546 [trainer.py] => Average Accuracy (CNN): 94.58999999999999
2025-11-19 15:05:50,549 [trainer.py] => All params: 154348545
2025-11-19 15:05:50,551 [trainer.py] => Trainable params: 525312
2025-11-19 15:05:50,552 [engine.py] => Learning on 90-100
2025-11-19 15:14:30,618 [trainer.py] => CNN: {'total': 90.08, '00-09': 89.39, '10-19': 92.5, '20-29': 90.48, '30-39': 86.99, '40-49': 89.55, '50-59': 95.16, '60-69': 84.11, '70-79': 91.98, '80-89': 91.89, '90-99': 88.64, 'old': 90.24, 'new': 88.64, 'harmonic': 89.43}
2025-11-19 15:14:30,619 [trainer.py] => CNN top1 curve: [99.06, 98.79, 98.15, 94.93, 92.84, 93.15, 92.17, 91.19, 91.03, 90.08]
2025-11-19 15:14:30,620 [trainer.py] => CNN top5 curve: [100.0, 100.0, 100.0, 99.94, 99.9, 99.84, 99.79, 99.79, 99.67, 99.56]

2025-11-19 15:14:30,620 [trainer.py] => Average Accuracy (CNN): 94.139
