2025-11-19 14:28:03,352 [trainer.py] => config: ./exps/engine/cub_0_20.json
2025-11-19 14:28:03,352 [trainer.py] => prefix: -
2025-11-19 14:28:03,352 [trainer.py] => dataset: cub
2025-11-19 14:28:03,352 [trainer.py] => shuffle: True
2025-11-19 14:28:03,352 [trainer.py] => init_cls: 20
2025-11-19 14:28:03,352 [trainer.py] => increment: 20
2025-11-19 14:28:03,353 [trainer.py] => model_name: engine
2025-11-19 14:28:03,353 [trainer.py] => convnet_type: clip
2025-11-19 14:28:03,353 [trainer.py] => device: [device(type='cuda', index=0)]
2025-11-19 14:28:03,353 [trainer.py] => seed: 1993
2025-11-19 14:28:03,353 [trainer.py] => projection_type: pure_mlp
2025-11-19 14:28:03,353 [trainer.py] => frozen_layers: visual
2025-11-19 14:28:03,353 [trainer.py] => tuned_epoch: 10
2025-11-19 14:28:03,353 [trainer.py] => init_lr: 0.05
2025-11-19 14:28:03,353 [trainer.py] => batch_size: 64
2025-11-19 14:28:03,353 [trainer.py] => weight_decay: 0.05
2025-11-19 14:28:03,353 [trainer.py] => min_lr: 0
2025-11-19 14:28:03,353 [trainer.py] => optimizer: sgd
2025-11-19 14:28:03,353 [trainer.py] => text_des: 2
2025-11-19 14:28:03,353 [trainer.py] => image_aug: 2
2025-11-19 14:28:03,353 [trainer.py] => rerank: 0.8
2025-11-19 14:28:03,353 [trainer.py] => stat: 0.95
2025-11-19 14:28:03,353 [trainer.py] => sample_num: 0
2025-11-19 14:28:03,353 [trainer.py] => sample_noise: 0.3
2025-11-19 14:28:03,353 [trainer.py] => rerank_top: 5
2025-11-19 14:28:03,499 [data_manager.py] => [168, 136, 51, 9, 183, 101, 171, 99, 42, 159, 191, 70, 16, 188, 27, 10, 175, 26, 68, 187, 98, 6, 85, 35, 112, 43, 100, 0, 103, 181, 88, 59, 4, 2, 116, 174, 94, 80, 106, 1, 147, 17, 141, 131, 72, 23, 173, 54, 197, 118, 87, 32, 79, 104, 91, 19, 135, 107, 178, 36, 11, 199, 142, 8, 122, 3, 28, 57, 153, 172, 190, 56, 49, 44, 97, 62, 151, 169, 194, 55, 192, 12, 189, 78, 66, 180, 15, 137, 109, 134, 92, 119, 126, 52, 170, 40, 148, 65, 144, 64, 138, 45, 77, 89, 154, 90, 71, 193, 74, 30, 113, 143, 96, 84, 67, 50, 186, 156, 69, 21, 18, 111, 108, 58, 125, 157, 150, 110, 182, 129, 166, 83, 81, 60, 13, 165, 14, 176, 63, 117, 5, 22, 145, 121, 38, 41, 82, 127, 114, 20, 31, 53, 37, 163, 196, 130, 152, 162, 86, 76, 24, 34, 184, 149, 33, 128, 198, 155, 146, 167, 139, 120, 140, 102, 47, 25, 158, 123, 46, 164, 61, 7, 115, 75, 133, 160, 105, 132, 179, 124, 48, 73, 93, 39, 95, 195, 29, 177, 185, 161]
2025-11-19 14:28:04,743 [factory.py] => Loaded ViT-B-16 model config.
2025-11-19 14:28:06,465 [factory.py] => Loading pretrained ViT-B-16 weights (/data/zhoudw/likw/open_clip_laion400m_e32.bin).
2025-11-19 14:28:07,017 [factory.py] => Loaded ViT-B-16 model config.
2025-11-19 14:28:08,584 [factory.py] => Loading pretrained ViT-B-16 weights (/data/zhoudw/likw/open_clip_laion400m_e32.bin).
2025-11-19 14:28:09,429 [trainer.py] => All params: 149620737
2025-11-19 14:28:09,430 [trainer.py] => Trainable params: 0
2025-11-19 14:28:09,430 [engine.py] => Learning on 0-20
2025-11-19 14:30:21,066 [trainer.py] => CNN: {'total': 97.98, '00-09': 99.15, '10-19': 96.9, 'old': 0, 'new': 97.98, 'harmonic': 0.0}
2025-11-19 14:30:21,066 [trainer.py] => CNN top1 curve: [97.98]
2025-11-19 14:30:21,066 [trainer.py] => CNN top5 curve: [100.0]

2025-11-19 14:30:21,066 [trainer.py] => Average Accuracy (CNN): 97.98
2025-11-19 14:30:21,068 [trainer.py] => All params: 150146049
2025-11-19 14:30:21,068 [trainer.py] => Trainable params: 525312
2025-11-19 14:30:21,069 [engine.py] => Learning on 20-40
2025-11-19 14:32:51,555 [trainer.py] => CNN: {'total': 93.61, '00-09': 97.46, '10-19': 94.57, '20-29': 93.81, '30-39': 88.18, 'old': 95.95, 'new': 90.82, 'harmonic': 93.31}
2025-11-19 14:32:51,555 [trainer.py] => CNN top1 curve: [97.98, 93.61]
2025-11-19 14:32:51,555 [trainer.py] => CNN top5 curve: [100.0, 99.56]

2025-11-19 14:32:51,555 [trainer.py] => Average Accuracy (CNN): 95.795
2025-11-19 14:32:51,556 [trainer.py] => All params: 150671361
2025-11-19 14:32:51,557 [trainer.py] => Trainable params: 525312
2025-11-19 14:32:51,557 [engine.py] => Learning on 40-60
2025-11-19 14:35:48,276 [trainer.py] => CNN: {'total': 90.48, '00-09': 91.53, '10-19': 93.02, '20-29': 91.75, '30-39': 83.64, '40-49': 94.39, '50-59': 88.29, 'old': 90.09, 'new': 91.28, 'harmonic': 90.68}
2025-11-19 14:35:48,277 [trainer.py] => CNN top1 curve: [97.98, 93.61, 90.48]
2025-11-19 14:35:48,277 [trainer.py] => CNN top5 curve: [100.0, 99.56, 99.11]

2025-11-19 14:35:48,277 [trainer.py] => Average Accuracy (CNN): 94.02333333333333
2025-11-19 14:35:48,278 [trainer.py] => All params: 151196673
2025-11-19 14:35:48,279 [trainer.py] => Trainable params: 525312
2025-11-19 14:35:48,279 [engine.py] => Learning on 60-80
2025-11-19 14:39:12,534 [trainer.py] => CNN: {'total': 86.83, '00-09': 86.44, '10-19': 87.6, '20-29': 92.78, '30-39': 79.09, '40-49': 90.65, '50-59': 85.59, '60-69': 86.79, '70-79': 86.52, 'old': 86.9, 'new': 86.64, 'harmonic': 86.77}
2025-11-19 14:39:12,534 [trainer.py] => CNN top1 curve: [97.98, 93.61, 90.48, 86.83]
2025-11-19 14:39:12,534 [trainer.py] => CNN top5 curve: [100.0, 99.56, 99.11, 98.26]

2025-11-19 14:39:12,534 [trainer.py] => Average Accuracy (CNN): 92.225
2025-11-19 14:39:12,536 [trainer.py] => All params: 151721985
2025-11-19 14:39:12,536 [trainer.py] => Trainable params: 525312
2025-11-19 14:39:12,536 [engine.py] => Learning on 80-100
2025-11-19 14:43:08,965 [trainer.py] => CNN: {'total': 86.45, '00-09': 83.05, '10-19': 86.82, '20-29': 89.69, '30-39': 75.45, '40-49': 88.79, '50-59': 83.78, '60-69': 86.79, '70-79': 86.52, '80-89': 92.48, '90-99': 89.71, 'old': 85.09, 'new': 91.08, 'harmonic': 87.98}
2025-11-19 14:43:08,965 [trainer.py] => CNN top1 curve: [97.98, 93.61, 90.48, 86.83, 86.45]
2025-11-19 14:43:08,966 [trainer.py] => CNN top5 curve: [100.0, 99.56, 99.11, 98.26, 97.73]

2025-11-19 14:43:08,966 [trainer.py] => Average Accuracy (CNN): 91.07
2025-11-19 14:43:08,967 [trainer.py] => All params: 152247297
2025-11-19 14:43:08,968 [trainer.py] => Trainable params: 525312
2025-11-19 14:43:08,968 [engine.py] => Learning on 100-120
2025-11-19 14:47:35,009 [trainer.py] => CNN: {'total': 84.82, '00-09': 83.05, '10-19': 84.5, '20-29': 89.69, '30-39': 76.36, '40-49': 89.72, '50-59': 81.08, '60-69': 82.08, '70-79': 84.4, '80-89': 88.72, '90-99': 90.44, '100-109': 85.22, '110-119': 81.42, 'old': 85.1, 'new': 83.33, 'harmonic': 84.21}
2025-11-19 14:47:35,009 [trainer.py] => CNN top1 curve: [97.98, 93.61, 90.48, 86.83, 86.45, 84.82]
2025-11-19 14:47:35,009 [trainer.py] => CNN top5 curve: [100.0, 99.56, 99.11, 98.26, 97.73, 97.18]

2025-11-19 14:47:35,009 [trainer.py] => Average Accuracy (CNN): 90.02833333333332
2025-11-19 14:47:35,011 [trainer.py] => All params: 152772609
2025-11-19 14:47:35,011 [trainer.py] => Trainable params: 525312
2025-11-19 14:47:35,012 [engine.py] => Learning on 120-140
2025-11-19 14:52:27,129 [trainer.py] => CNN: {'total': 83.12, '00-09': 83.05, '10-19': 82.95, '20-29': 88.66, '30-39': 74.55, '40-49': 85.05, '50-59': 79.28, '60-69': 82.08, '70-79': 84.4, '80-89': 84.96, '90-99': 88.97, '100-109': 86.09, '110-119': 80.53, '120-129': 79.44, '130-139': 82.2, 'old': 83.47, 'new': 80.89, 'harmonic': 82.16}
2025-11-19 14:52:27,129 [trainer.py] => CNN top1 curve: [97.98, 93.61, 90.48, 86.83, 86.45, 84.82, 83.12]
2025-11-19 14:52:27,129 [trainer.py] => CNN top5 curve: [100.0, 99.56, 99.11, 98.26, 97.73, 97.18, 96.65]

2025-11-19 14:52:27,129 [trainer.py] => Average Accuracy (CNN): 89.04142857142857
2025-11-19 14:52:27,131 [trainer.py] => All params: 153297921
2025-11-19 14:52:27,132 [trainer.py] => Trainable params: 525312
2025-11-19 14:52:27,132 [engine.py] => Learning on 140-160
2025-11-19 14:57:57,471 [trainer.py] => CNN: {'total': 81.76, '00-09': 80.51, '10-19': 84.5, '20-29': 89.69, '30-39': 71.82, '40-49': 84.11, '50-59': 80.18, '60-69': 82.08, '70-79': 83.69, '80-89': 81.95, '90-99': 86.76, '100-109': 83.48, '110-119': 80.53, '120-129': 79.44, '130-139': 79.66, '140-149': 72.22, '150-159': 87.1, 'old': 82.08, 'new': 79.6, 'harmonic': 80.82}
2025-11-19 14:57:57,473 [trainer.py] => CNN top1 curve: [97.98, 93.61, 90.48, 86.83, 86.45, 84.82, 83.12, 81.76]
2025-11-19 14:57:57,473 [trainer.py] => CNN top5 curve: [100.0, 99.56, 99.11, 98.26, 97.73, 97.18, 96.65, 95.98]

2025-11-19 14:57:57,474 [trainer.py] => Average Accuracy (CNN): 88.13125
2025-11-19 14:57:57,476 [trainer.py] => All params: 153823233
2025-11-19 14:57:57,477 [trainer.py] => Trainable params: 525312
2025-11-19 14:57:57,478 [engine.py] => Learning on 160-180
2025-11-19 15:04:08,232 [trainer.py] => CNN: {'total': 81.25, '00-09': 79.66, '10-19': 84.5, '20-29': 88.66, '30-39': 70.91, '40-49': 83.18, '50-59': 78.38, '60-69': 80.19, '70-79': 82.98, '80-89': 83.46, '90-99': 86.03, '100-109': 82.61, '110-119': 79.65, '120-129': 78.5, '130-139': 82.2, '140-149': 70.63, '150-159': 84.68, '160-169': 85.82, '170-179': 78.64, 'old': 81.07, 'new': 82.7, 'harmonic': 81.88}
2025-11-19 15:04:08,233 [trainer.py] => CNN top1 curve: [97.98, 93.61, 90.48, 86.83, 86.45, 84.82, 83.12, 81.76, 81.25]
2025-11-19 15:04:08,233 [trainer.py] => CNN top5 curve: [100.0, 99.56, 99.11, 98.26, 97.73, 97.18, 96.65, 95.98, 95.25]

2025-11-19 15:04:08,234 [trainer.py] => Average Accuracy (CNN): 87.36666666666666
2025-11-19 15:04:08,235 [trainer.py] => All params: 154348545
2025-11-19 15:04:08,237 [trainer.py] => Trainable params: 525312
2025-11-19 15:04:08,237 [engine.py] => Learning on 180-200
2025-11-19 15:10:47,716 [trainer.py] => CNN: {'total': 80.2, '00-09': 79.66, '10-19': 82.95, '20-29': 87.63, '30-39': 70.0, '40-49': 84.11, '50-59': 77.48, '60-69': 78.3, '70-79': 82.27, '80-89': 81.2, '90-99': 86.03, '100-109': 83.48, '110-119': 80.53, '120-129': 75.7, '130-139': 79.66, '140-149': 70.63, '150-159': 86.29, '160-169': 85.07, '170-179': 76.7, '180-189': 78.79, '190-199': 74.49, 'old': 80.55, 'new': 76.96, 'harmonic': 78.71}
2025-11-19 15:10:47,717 [trainer.py] => CNN top1 curve: [97.98, 93.61, 90.48, 86.83, 86.45, 84.82, 83.12, 81.76, 81.25, 80.2]
2025-11-19 15:10:47,717 [trainer.py] => CNN top5 curve: [100.0, 99.56, 99.11, 98.26, 97.73, 97.18, 96.65, 95.98, 95.25, 93.98]

2025-11-19 15:10:47,717 [trainer.py] => Average Accuracy (CNN): 86.65
